<?xml version="1.0" encoding="UTF-8"?>
<testExecutions version="1">
    <file path="/home/tong/Project/NodeJS_Sonaqube/test/sum.test.js">
        <testCase name="adds 1 + 2 to equal 3" duration="2"/>
        <testCase name="adds 1 + 2 to equal 3" duration="1"/>
    </file>
</testExecutions>